<?xml version="1.0" encoding="UTF-8"?>
<!-- Generated by org.testng.reporters.JUnitReportReporter -->
<testsuite skipped="0" hostname="Spandans-MacBook-Pro.local" name="androidTestCases.Login" tests="1" failures="0" timestamp="02 Nov 2018 11:07:54 GMT" time="7.118" errors="0">
  <testcase name="Test" time="7.118" classname="androidTestCases.Login"/>
</testsuite> <!-- androidTestCases.Login -->
